<?xml version="1.0" encoding="UTF-8"?>
<!-- Generated by org.testng.reporters.JUnitReportReporter -->
<testsuite skipped="0" hostname="Lenovo" name="sample.org.CC" tests="1" failures="0" timestamp="04 Feb 2020 12:15:52 GMT" time="71.242" errors="0">
  <testcase name="test" time="71.242" classname="sample.org.CC"/>
</testsuite> <!-- sample.org.CC -->
