<?xml version="1.0" encoding="UTF-8"?>
<!-- Generated by org.testng.reporters.JUnitReportReporter -->
<testsuite skipped="0" hostname="Lenovo" name="sample.org.A" tests="3" failures="0" timestamp="05 Feb 2020 17:05:23 GMT" time="79.258" errors="0">
  <testcase name="test4" time="25.853" classname="sample.org.A"/>
  <testcase name="test4" time="19.367" classname="sample.org.A"/>
  <testcase name="test4" time="34.038" classname="sample.org.A"/>
</testsuite> <!-- sample.org.A -->
