<?xml version="1.0" encoding="UTF-8"?>
<!-- Generated by org.testng.reporters.JUnitReportReporter -->
<testsuite skipped="0" hostname="Lenovo" name="sample.org.DS" tests="6" failures="0" timestamp="06 Feb 2020 06:56:17 GMT" time="0.427" errors="0">
  <testcase name="tc2" time="0.088" classname="sample.org.DS"/>
  <testcase name="tc3" time="0.008" classname="sample.org.DS"/>
  <testcase name="tc12" time="0.086" classname="sample.org.DS"/>
  <testcase name="tc11" time="0.102" classname="sample.org.DS"/>
  <testcase name="tc1" time="0.087" classname="sample.org.DS"/>
  <testcase name="tc13" time="0.056" classname="sample.org.DS"/>
</testsuite> <!-- sample.org.DS -->
