<?xml version="1.0" encoding="UTF-8"?>
<!-- Generated by org.testng.reporters.JUnitReportReporter -->
<testsuite skipped="0" hostname="Lenovo" name="sample.org.AA" tests="1" failures="0" timestamp="04 Feb 2020 11:35:18 GMT" time="24.946" errors="0">
  <testcase name="test" time="24.946" classname="sample.org.AA"/>
</testsuite> <!-- sample.org.AA -->
